<?xml version="1.0" encoding="UTF-8"?>
<testng-results ignored="0" total="1" passed="1" failed="0" skipped="0">
  <reporter-output>
  </reporter-output>
  <suite started-at="2023-04-27T18:33:19 IST" name="Failed suite [Suite]" finished-at="2023-04-27T18:33:44 IST" duration-ms="25000">
    <groups>
    </groups>
    <test started-at="2023-04-27T18:33:19 IST" name="Test(failed)" finished-at="2023-04-27T18:33:44 IST" duration-ms="25000">
      <class name="testscript.Fb_Login_Script">
        <test-method is-config="true" signature="openapp()[pri:0, instance:testscript.Fb_Login_Script@702b8b12]" started-at="2023-04-27T18:33:19 IST" name="openapp" finished-at="2023-04-27T18:33:36 IST" duration-ms="16729" status="PASS">
          <reporter-output>
          </reporter-output>
        </test-method> <!-- openapp -->
        <test-method signature="test1()[pri:0, instance:testscript.Fb_Login_Script@702b8b12]" started-at="2023-04-27T18:33:36 IST" name="test1" finished-at="2023-04-27T18:33:42 IST" duration-ms="6563" status="PASS">
          <reporter-output>
          </reporter-output>
        </test-method> <!-- test1 -->
        <test-method is-config="true" signature="closeapp(org.testng.ITestResult)[pri:0, instance:testscript.Fb_Login_Script@702b8b12]" started-at="2023-04-27T18:33:42 IST" name="closeapp" finished-at="2023-04-27T18:33:44 IST" duration-ms="1648" status="PASS">
          <params>
            <param index="0">
              <value>
                <![CDATA[[TestResult name=test1 status=SUCCESS method=Fb_Login_Script.test1()[pri:0, instance:testscript.Fb_Login_Script@702b8b12] output={null}]]]>
              </value>
            </param>
          </params>
          <reporter-output>
          </reporter-output>
        </test-method> <!-- closeapp -->
      </class> <!-- testscript.Fb_Login_Script -->
    </test> <!-- Test(failed) -->
  </suite> <!-- Failed suite [Suite] -->
</testng-results>
